[2020-Feb-02 22:12:49.887] [D] Sending notification: textDocument/publishDiagnostics
[2020-Feb-02 22:12:49.894] [D] Received request 1: textDocument/documentSymbol
[2020-Feb-02 22:12:49.903] [I] Fetching symbols from G:\Mes documents\Projects\evael\source\evael\renderer\gl\gl_device.d
[2020-Feb-02 22:12:49.910] [D] Sending notification: window/logMessage
[2020-Feb-02 22:12:49.918] [D] Received request 2: textDocument/codeAction
[2020-Feb-02 22:12:49.926] [I] Fetching code actions for G:\Mes documents\Projects\evael\source\evael\renderer\gl\gl_device.d at range 41,15 to 41,15
[2020-Feb-02 22:12:49.932] [D] Sending notification: window/logMessage
[2020-Feb-02 22:12:49.939] [D] Sending response with result for request 2
[2020-Feb-02 22:12:49.946] [D] Received response for request "2ad5caf3-368b-4c84-a8c5-f2a82465cc31"
[2020-Feb-02 22:12:49.957] [D] Received response for request "261db779-aa62-4047-9c5a-f1a8d6332636"
[2020-Feb-02 22:12:49.965] [I] Updating workspace configurations
[2020-Feb-02 22:12:49.974] [D] Sending notification: window/logMessage
[2020-Feb-02 22:12:49.981] [I] Importing directories: []
[2020-Feb-02 22:12:49.989] [D] Sending notification: window/logMessage
[2020-Feb-02 22:12:49.996] [I] Importing directories: []
[2020-Feb-02 22:12:50.002] [D] Sending notification: window/logMessage
[2020-Feb-02 22:12:50.009] [D] Received notification: workspace/didChangeWatchedFiles
[2020-Feb-02 22:12:50.016] [I] Resource deleted: G:\Mes documents\Projects\evael\dub.json
[2020-Feb-02 22:12:50.022] [D] Sending notification: window/logMessage
[2020-Feb-02 22:12:50.029] [I] Resource created: G:\Mes documents\Projects\evael\evael\dub.json
[2020-Feb-02 22:12:50.036] [D] Sending notification: window/logMessage
[2020-Feb-02 22:12:50.042] [I] Importing dub project: G:\Mes documents\Projects\evael\evael
[2020-Feb-02 22:12:50.049] [D] Sending notification: window/logMessage
[2020-Feb-02 22:12:50.545] [I] Importing directories: ["G:\\Mes documents\\Projects\\evael\\evael\\source"]
[2020-Feb-02 22:12:50.552] [D] Sending notification: window/logMessage
[2020-Feb-02 22:12:50.560] [I] Importing dub selections for project: G:\Mes documents\Projects\evael\evael
[2020-Feb-02 22:12:50.566] [D] Sending notification: window/logMessage
[2020-Feb-02 22:12:50.927] [I] Importing directories: ["C:\\Users\\misug\\AppData\\Local\\dub\\packages\\derelict_extras-sndfile-3.1.0\\derelict_extras-sndfile\\source", "C:\\Users\\misug\\AppData\\Local\\dub\\packages\\derelict-util-3.0.0-beta.2\\derelict-util\\source", "C:\\Users\\misug\\AppData\\Local\\dub\\packages\\bindbc-opengl-0.8.0\\bindbc-opengl\\source", "C:\\Users\\misug\\AppData\\Local\\dub\\packages\\bindbc-loader-0.2.1\\bindbc-loader\\source", "C:\\Users\\misug\\AppData\\Local\\dub\\packages\\dlib-0.16.0\\dlib", "C:\\Users\\misug\\AppData\\Local\\dub\\packages\\bindbc-openal-0.2.0\\bindbc-openal\\source", "C:\\Users\\misug\\AppData\\Local\\dub\\packages\\msgpack-d-1.0.1\\msgpack-d\\src", "C:\\Users\\misug\\AppData\\Local\\dub\\packages\\bindbc-nuklear-0.1.4\\bindbc-nuklear\\source", "C:\\Users\\misug\\AppData\\Local\\dub\\packages\\bindbc-freeimage-0.1.1\\bindbc-freeimage\\source", "C:\\Users\\misug\\AppData\\Local\\dub\\packages\\dnogc-master\\dnogc\\source", "C:\\Users\\misug\\AppData\\Local\\dub\\packages\\bindbc-glfw-0.5.0\\bindbc-glfw\\source", "C:\\Users\\misug\\AppData\\Local\\dub\\packages\\derelict-nanovg-1.1.0\\derelict-nanovg\\source", "G:\\Mes documents\\Projects\\decs\\source", "C:\\Users\\misug\\AppData\\Local\\dub\\packages\\inifiled-1.3.1\\inifiled\\source"]
[2020-Feb-02 22:12:50.936] [D] Sending notification: window/logMessage
[2020-Feb-02 22:12:50.944] [I] Clearing import directories: []
[2020-Feb-02 22:12:50.953] [D] Sending notification: window/logMessage
[2020-Feb-02 22:12:50.961] [I] Resource created: G:\Mes documents\Projects\evael\evael\dub.selections.json
[2020-Feb-02 22:12:50.969] [D] Sending notification: window/logMessage
[2020-Feb-02 22:12:50.977] [I] Importing dub selections for project: G:\Mes documents\Projects\evael\evael
[2020-Feb-02 22:12:50.985] [D] Sending notification: window/logMessage
[2020-Feb-02 22:12:51.352] [I] Importing directories: ["C:\\Users\\misug\\AppData\\Local\\dub\\packages\\derelict_extras-sndfile-3.1.0\\derelict_extras-sndfile\\source", "C:\\Users\\misug\\AppData\\Local\\dub\\packages\\derelict-util-3.0.0-beta.2\\derelict-util\\source", "C:\\Users\\misug\\AppData\\Local\\dub\\packages\\bindbc-opengl-0.8.0\\bindbc-opengl\\source", "C:\\Users\\misug\\AppData\\Local\\dub\\packages\\bindbc-loader-0.2.1\\bindbc-loader\\source", "C:\\Users\\misug\\AppData\\Local\\dub\\packages\\dlib-0.16.0\\dlib", "C:\\Users\\misug\\AppData\\Local\\dub\\packages\\bindbc-openal-0.2.0\\bindbc-openal\\source", "C:\\Users\\misug\\AppData\\Local\\dub\\packages\\msgpack-d-1.0.1\\msgpack-d\\src", "C:\\Users\\misug\\AppData\\Local\\dub\\packages\\bindbc-nuklear-0.1.4\\bindbc-nuklear\\source", "C:\\Users\\misug\\AppData\\Local\\dub\\packages\\bindbc-freeimage-0.1.1\\bindbc-freeimage\\source", "C:\\Users\\misug\\AppData\\Local\\dub\\packages\\dnogc-master\\dnogc\\source", "C:\\Users\\misug\\AppData\\Local\\dub\\packages\\bindbc-glfw-0.5.0\\bindbc-glfw\\source", "C:\\Users\\misug\\AppData\\Local\\dub\\packages\\derelict-nanovg-1.1.0\\derelict-nanovg\\source", "G:\\Mes documents\\Projects\\decs\\source", "C:\\Users\\misug\\AppData\\Local\\dub\\packages\\inifiled-1.3.1\\inifiled\\source"]
[2020-Feb-02 22:12:51.361] [D] Sending notification: window/logMessage
[2020-Feb-02 22:12:51.370] [I] Clearing import directories: []
[2020-Feb-02 22:12:51.378] [D] Sending notification: window/logMessage
[2020-Feb-02 22:12:51.387] [I] Resource deleted: G:\Mes documents\Projects\evael\dub.selections.json
[2020-Feb-02 22:12:51.395] [D] Sending notification: window/logMessage
[2020-Feb-02 22:12:51.403] [I] Resource created: G:\Mes documents\Projects\evael\evael\dscanner.ini
[2020-Feb-02 22:12:51.411] [D] Sending notification: window/logMessage
[2020-Feb-02 22:12:51.419] [I] Updating config from file G:\Mes documents\Projects\evael\evael\dscanner.ini
[2020-Feb-02 22:12:51.428] [D] Sending notification: window/logMessage
[2020-Feb-02 22:12:51.513] [I] Fetching diagnostics for G:\Mes documents\Projects\evael\evael\source\evael\audio\al.d
[2020-Feb-02 22:12:51.522] [D] Sending notification: window/logMessage
[2020-Feb-02 22:12:51.540] [D] Sending notification: textDocument/publishDiagnostics
[2020-Feb-02 22:12:51.549] [I] Fetching diagnostics for G:\Mes documents\Projects\evael\evael\source\evael\audio\audio_device.d
[2020-Feb-02 22:12:51.558] [D] Sending notification: window/logMessage
[2020-Feb-02 22:12:51.584] [D] Sending notification: textDocument/publishDiagnostics
[2020-Feb-02 22:12:51.593] [I] Fetching diagnostics for G:\Mes documents\Projects\evael\evael\source\evael\audio\audio_exception.d
[2020-Feb-02 22:12:51.601] [D] Sending notification: window/logMessage
[2020-Feb-02 22:12:51.613] [D] Sending notification: textDocument/publishDiagnostics
[2020-Feb-02 22:12:51.622] [I] Fetching diagnostics for G:\Mes documents\Projects\evael\evael\source\evael\audio\package.d
[2020-Feb-02 22:12:51.630] [D] Sending notification: window/logMessage
[2020-Feb-02 22:12:52.231] [D] Sending notification: textDocument/publishDiagnostics
[2020-Feb-02 22:12:52.241] [I] Fetching diagnostics for G:\Mes documents\Projects\evael\evael\source\evael\audio\sound.d
[2020-Feb-02 22:12:52.250] [D] Sending notification: window/logMessage
[2020-Feb-02 22:12:52.289] [D] Sending notification: textDocument/publishDiagnostics
[2020-Feb-02 22:12:52.298] [I] Fetching diagnostics for G:\Mes documents\Projects\evael\evael\source\evael\audio\source.d
[2020-Feb-02 22:12:52.309] [D] Sending notification: window/logMessage
[2020-Feb-02 22:12:52.344] [D] Sending notification: textDocument/publishDiagnostics
[2020-Feb-02 22:12:52.354] [I] Fetching diagnostics for G:\Mes documents\Projects\evael\evael\source\evael\core\game.d
[2020-Feb-02 22:12:52.364] [D] Sending notification: window/logMessage
[2020-Feb-02 22:13:01.257] [D] Sending notification: textDocument/publishDiagnostics
[2020-Feb-02 22:13:01.266] [I] Fetching diagnostics for G:\Mes documents\Projects\evael\evael\source\evael\core\game_config.d
[2020-Feb-02 22:13:01.274] [D] Sending notification: window/logMessage
[2020-Feb-02 22:13:01.290] [D] Sending notification: textDocument/publishDiagnostics
[2020-Feb-02 22:13:01.299] [I] Fetching diagnostics for G:\Mes documents\Projects\evael\evael\source\evael\core\game_state.d
[2020-Feb-02 22:13:01.308] [D] Sending notification: window/logMessage
[2020-Feb-02 22:13:01.352] [D] Sending notification: textDocument/publishDiagnostics
[2020-Feb-02 22:13:01.362] [I] Fetching diagnostics for G:\Mes documents\Projects\evael\evael\source\evael\core\package.d
[2020-Feb-02 22:13:01.372] [D] Sending notification: window/logMessage
[2020-Feb-02 22:13:01.394] [D] Sending notification: textDocument/publishDiagnostics
[2020-Feb-02 22:13:01.404] [I] Fetching diagnostics for G:\Mes documents\Projects\evael\evael\source\evael\graphics\depth_frame_buffer.d
[2020-Feb-02 22:13:01.414] [D] Sending notification: window/logMessage
[2020-Feb-02 22:13:01.437] [D] Sending notification: textDocument/publishDiagnostics
[2020-Feb-02 22:13:01.446] [I] Fetching diagnostics for G:\Mes documents\Projects\evael\evael\source\evael\graphics\drawable.d
[2020-Feb-02 22:13:01.455] [D] Sending notification: window/logMessage
[2020-Feb-02 22:13:01.489] [D] Sending notification: textDocument/publishDiagnostics
[2020-Feb-02 22:13:01.498] [I] Fetching diagnostics for G:\Mes documents\Projects\evael\evael\source\evael\graphics\effect.d
[2020-Feb-02 22:13:01.507] [D] Sending notification: window/logMessage
[2020-Feb-02 22:13:01.579] [D] Sending notification: textDocument/publishDiagnostics
[2020-Feb-02 22:13:01.588] [I] Fetching diagnostics for G:\Mes documents\Projects\evael\evael\source\evael\graphics\environment.d
[2020-Feb-02 22:13:01.596] [D] Sending notification: window/logMessage
[2020-Feb-02 22:13:01.629] [D] Sending notification: textDocument/publishDiagnostics
[2020-Feb-02 22:13:01.638] [I] Fetching diagnostics for G:\Mes documents\Projects\evael\evael\source\evael\graphics\font.d
[2020-Feb-02 22:13:01.647] [D] Sending notification: window/logMessage
[2020-Feb-02 22:13:01.708] [D] Sending notification: textDocument/publishDiagnostics
[2020-Feb-02 22:13:01.718] [I] Fetching diagnostics for G:\Mes documents\Projects\evael\evael\source\evael\graphics\frame_buffer.d
[2020-Feb-02 22:13:01.728] [D] Sending notification: window/logMessage
[2020-Feb-02 22:13:01.749] [D] Sending notification: textDocument/publishDiagnostics
[2020-Feb-02 22:13:01.759] [I] Fetching diagnostics for G:\Mes documents\Projects\evael\evael\source\evael\graphics\gl.d
[2020-Feb-02 22:13:01.768] [D] Sending notification: window/logMessage
[2020-Feb-02 22:13:01.788] [D] Sending notification: textDocument/publishDiagnostics
[2020-Feb-02 22:13:01.797] [I] Fetching diagnostics for G:\Mes documents\Projects\evael\evael\source\evael\graphics\graphics_device.d
[2020-Feb-02 22:13:01.806] [D] Sending notification: window/logMessage
[2020-Feb-02 22:13:01.910] [D] Sending notification: textDocument/publishDiagnostics
[2020-Feb-02 22:13:01.919] [I] Fetching diagnostics for G:\Mes documents\Projects\evael\evael\source\evael\graphics\gui\core\input_handler.d
[2020-Feb-02 22:13:01.927] [D] Sending notification: window/logMessage
[2020-Feb-02 22:13:01.955] [D] Sending notification: textDocument/publishDiagnostics
[2020-Feb-02 22:13:01.966] [I] Fetching diagnostics for G:\Mes documents\Projects\evael\evael\source\evael\graphics\gui\core\renderer.d
[2020-Feb-02 22:13:01.977] [D] Sending notification: window/logMessage
[2020-Feb-02 22:13:02.027] [D] Sending notification: textDocument/publishDiagnostics
[2020-Feb-02 22:13:02.038] [I] Fetching diagnostics for G:\Mes documents\Projects\evael\evael\source\evael\graphics\gui\gui_manager.d
[2020-Feb-02 22:13:02.048] [D] Sending notification: window/logMessage
[2020-Feb-02 22:13:02.106] [D] Sending notification: textDocument/publishDiagnostics
[2020-Feb-02 22:13:02.114] [I] Fetching diagnostics for G:\Mes documents\Projects\evael\evael\source\evael\graphics\gui\layouts\layout.d
[2020-Feb-02 22:13:02.122] [D] Sending notification: window/logMessage
[2020-Feb-02 22:13:02.160] [D] Sending notification: textDocument/publishDiagnostics
[2020-Feb-02 22:13:02.168] [I] Fetching diagnostics for G:\Mes documents\Projects\evael\evael\source\evael\graphics\gui\layouts\layout_interface.d
[2020-Feb-02 22:13:02.176] [D] Sending notification: window/logMessage
[2020-Feb-02 22:13:02.190] [D] Sending notification: textDocument/publishDiagnostics
[2020-Feb-02 22:13:02.198] [I] Fetching diagnostics for G:\Mes documents\Projects\evael\evael\source\evael\graphics\gui\layouts\layout_params.d
[2020-Feb-02 22:13:02.206] [D] Sending notification: window/logMessage
[2020-Feb-02 22:13:02.217] [D] Sending notification: textDocument/publishDiagnostics
[2020-Feb-02 22:13:02.225] [I] Fetching diagnostics for G:\Mes documents\Projects\evael\evael\source\evael\graphics\gui\layouts\package.d
[2020-Feb-02 22:13:02.233] [D] Sending notification: window/logMessage
[2020-Feb-02 22:13:02.276] [D] Sending notification: textDocument/publishDiagnostics
[2020-Feb-02 22:13:02.285] [I] Fetching diagnostics for G:\Mes documents\Projects\evael\evael\source\evael\graphics\gui\package.d
[2020-Feb-02 22:13:02.295] [D] Sending notification: window/logMessage
[2020-Feb-02 22:13:02.544] [D] Sending notification: textDocument/publishDiagnostics
[2020-Feb-02 22:13:02.554] [I] Fetching diagnostics for G:\Mes documents\Projects\evael\evael\source\evael\graphics\gui\style.d
[2020-Feb-02 22:13:02.565] [D] Sending notification: window/logMessage
[2020-Feb-02 22:13:02.587] [D] Sending notification: textDocument/publishDiagnostics
[2020-Feb-02 22:13:02.599] [I] Fetching diagnostics for G:\Mes documents\Projects\evael\evael\source\evael\graphics\gui\widgets\button.d
[2020-Feb-02 22:13:02.608] [D] Sending notification: window/logMessage
[2020-Feb-02 22:13:02.625] [D] Sending notification: textDocument/publishDiagnostics
[2020-Feb-02 22:13:02.634] [I] Fetching diagnostics for G:\Mes documents\Projects\evael\evael\source\evael\graphics\gui\widgets\check_box.d
[2020-Feb-02 22:13:02.643] [D] Sending notification: window/logMessage
[2020-Feb-02 22:13:02.660] [D] Sending notification: textDocument/publishDiagnostics
[2020-Feb-02 22:13:02.669] [I] Fetching diagnostics for G:\Mes documents\Projects\evael\evael\source\evael\graphics\gui\widgets\color_picker.d
[2020-Feb-02 22:13:02.679] [D] Sending notification: window/logMessage
[2020-Feb-02 22:13:02.699] [D] Sending notification: textDocument/publishDiagnostics
[2020-Feb-02 22:13:02.708] [I] Fetching diagnostics for G:\Mes documents\Projects\evael\evael\source\evael\graphics\gui\widgets\combo_box.d
[2020-Feb-02 22:13:02.718] [D] Sending notification: window/logMessage
[2020-Feb-02 22:13:02.736] [D] Sending notification: textDocument/publishDiagnostics
[2020-Feb-02 22:13:02.745] [I] Fetching diagnostics for G:\Mes documents\Projects\evael\evael\source\evael\graphics\gui\widgets\input.d
[2020-Feb-02 22:13:02.754] [D] Sending notification: window/logMessage
[2020-Feb-02 22:13:02.772] [D] Sending notification: textDocument/publishDiagnostics
[2020-Feb-02 22:13:02.781] [I] Fetching diagnostics for G:\Mes documents\Projects\evael\evael\source\evael\graphics\gui\widgets\label.d
[2020-Feb-02 22:13:02.789] [D] Sending notification: window/logMessage
[2020-Feb-02 22:13:02.807] [D] Sending notification: textDocument/publishDiagnostics
[2020-Feb-02 22:13:02.817] [I] Fetching diagnostics for G:\Mes documents\Projects\evael\evael\source\evael\graphics\gui\widgets\package.d
[2020-Feb-02 22:13:02.826] [D] Sending notification: window/logMessage
[2020-Feb-02 22:13:02.876] [D] Sending notification: textDocument/publishDiagnostics
[2020-Feb-02 22:13:02.886] [I] Fetching diagnostics for G:\Mes documents\Projects\evael\evael\source\evael\graphics\gui\widgets\progress_bar.d
[2020-Feb-02 22:13:02.897] [D] Sending notification: window/logMessage
[2020-Feb-02 22:13:02.914] [D] Sending notification: textDocument/publishDiagnostics
[2020-Feb-02 22:13:02.923] [I] Fetching diagnostics for G:\Mes documents\Projects\evael\evael\source\evael\graphics\gui\widgets\property.d
[2020-Feb-02 22:13:02.931] [D] Sending notification: window/logMessage
[2020-Feb-02 22:13:02.949] [D] Sending notification: textDocument/publishDiagnostics
[2020-Feb-02 22:13:02.958] [I] Fetching diagnostics for G:\Mes documents\Projects\evael\evael\source\evael\graphics\gui\widgets\radio_button.d
[2020-Feb-02 22:13:02.967] [D] Sending notification: window/logMessage
[2020-Feb-02 22:13:02.988] [D] Sending notification: textDocument/publishDiagnostics
[2020-Feb-02 22:13:02.998] [I] Fetching diagnostics for G:\Mes documents\Projects\evael\evael\source\evael\graphics\gui\widgets\slider.d
[2020-Feb-02 22:13:03.008] [D] Sending notification: window/logMessage
[2020-Feb-02 22:13:03.027] [D] Sending notification: textDocument/publishDiagnostics
[2020-Feb-02 22:13:03.036] [I] Fetching diagnostics for G:\Mes documents\Projects\evael\evael\source\evael\graphics\gui\widgets\widget.d
[2020-Feb-02 22:13:03.045] [D] Sending notification: window/logMessage
[2020-Feb-02 22:13:03.062] [D] Sending notification: textDocument/publishDiagnostics
[2020-Feb-02 22:13:03.071] [I] Fetching diagnostics for G:\Mes documents\Projects\evael\evael\source\evael\graphics\gui\widgets\window.d
[2020-Feb-02 22:13:03.079] [D] Sending notification: window/logMessage
[2020-Feb-02 22:13:03.097] [D] Sending notification: textDocument/publishDiagnostics
[2020-Feb-02 22:13:03.105] [I] Fetching diagnostics for G:\Mes documents\Projects\evael\evael\source\evael\graphics\lights\ambient_light.d
[2020-Feb-02 22:13:03.113] [D] Sending notification: window/logMessage
[2020-Feb-02 22:13:03.130] [D] Sending notification: textDocument/publishDiagnostics
[2020-Feb-02 22:13:03.138] [I] Fetching diagnostics for G:\Mes documents\Projects\evael\evael\source\evael\graphics\lights\directional_light.d
[2020-Feb-02 22:13:03.145] [D] Sending notification: window/logMessage
[2020-Feb-02 22:13:03.162] [D] Sending notification: textDocument/publishDiagnostics
[2020-Feb-02 22:13:03.170] [I] Fetching diagnostics for G:\Mes documents\Projects\evael\evael\source\evael\graphics\lights\light.d
[2020-Feb-02 22:13:03.179] [D] Sending notification: window/logMessage
[2020-Feb-02 22:13:03.193] [D] Sending notification: textDocument/publishDiagnostics
[2020-Feb-02 22:13:03.201] [I] Fetching diagnostics for G:\Mes documents\Projects\evael\evael\source\evael\graphics\lights\package.d
[2020-Feb-02 22:13:03.209] [D] Sending notification: window/logMessage
[2020-Feb-02 22:13:03.230] [D] Sending notification: textDocument/publishDiagnostics
[2020-Feb-02 22:13:03.238] [I] Fetching diagnostics for G:\Mes documents\Projects\evael\evael\source\evael\graphics\lights\point_light.d
[2020-Feb-02 22:13:03.246] [D] Sending notification: window/logMessage
[2020-Feb-02 22:13:03.263] [D] Sending notification: textDocument/publishDiagnostics
[2020-Feb-02 22:13:03.271] [I] Fetching diagnostics for G:\Mes documents\Projects\evael\evael\source\evael\graphics\models\animation.d
[2020-Feb-02 22:13:03.279] [D] Sending notification: window/logMessage
[2020-Feb-02 22:13:03.298] [D] Sending notification: textDocument/publishDiagnostics
[2020-Feb-02 22:13:03.306] [I] Fetching diagnostics for G:\Mes documents\Projects\evael\evael\source\evael\graphics\models\bounding_box.d
[2020-Feb-02 22:13:03.316] [D] Sending notification: window/logMessage
[2020-Feb-02 22:13:03.338] [D] Sending notification: textDocument/publishDiagnostics
[2020-Feb-02 22:13:03.347] [I] Fetching diagnostics for G:\Mes documents\Projects\evael\evael\source\evael\graphics\models\iqm.d
[2020-Feb-02 22:13:03.355] [D] Sending notification: window/logMessage
[2020-Feb-02 22:13:03.544] [D] Sending notification: textDocument/publishDiagnostics
[2020-Feb-02 22:13:03.558] [I] Fetching diagnostics for G:\Mes documents\Projects\evael\evael\source\evael\graphics\models\model.d
[2020-Feb-02 22:13:03.573] [D] Sending notification: window/logMessage
[2020-Feb-02 22:13:03.615] [D] Sending notification: textDocument/publishDiagnostics
[2020-Feb-02 22:13:03.626] [I] Fetching diagnostics for G:\Mes documents\Projects\evael\evael\source\evael\graphics\models\package.d
[2020-Feb-02 22:13:03.639] [D] Sending notification: window/logMessage
[2020-Feb-02 22:13:03.834] [D] Sending notification: textDocument/publishDiagnostics
[2020-Feb-02 22:13:03.845] [I] Fetching diagnostics for G:\Mes documents\Projects\evael\evael\source\evael\graphics\models\wavefront.d
[2020-Feb-02 22:13:03.857] [D] Sending notification: window/logMessage
[2020-Feb-02 22:13:03.987] [D] Sending notification: textDocument/publishDiagnostics
[2020-Feb-02 22:13:03.998] [I] Fetching diagnostics for G:\Mes documents\Projects\evael\evael\source\evael\graphics\particles\particle.d
[2020-Feb-02 22:13:04.011] [D] Sending notification: window/logMessage
[2020-Feb-02 22:13:04.036] [D] Sending notification: textDocument/publishDiagnostics
[2020-Feb-02 22:13:04.046] [I] Fetching diagnostics for G:\Mes documents\Projects\evael\evael\source\evael\graphics\particles\particle_emitter.d
[2020-Feb-02 22:13:04.057] [D] Sending notification: window/logMessage
[2020-Feb-02 22:13:04.125] [D] Sending notification: textDocument/publishDiagnostics
[2020-Feb-02 22:13:04.138] [I] Fetching diagnostics for G:\Mes documents\Projects\evael\evael\source\evael\graphics\shaders\basic_light_shader.d
[2020-Feb-02 22:13:04.155] [D] Sending notification: window/logMessage
[2020-Feb-02 22:13:04.189] [D] Sending notification: textDocument/publishDiagnostics
[2020-Feb-02 22:13:04.200] [I] Fetching diagnostics for G:\Mes documents\Projects\evael\evael\source\evael\graphics\shaders\basic_model_shader.d
[2020-Feb-02 22:13:04.212] [D] Sending notification: window/logMessage
[2020-Feb-02 22:13:04.237] [D] Sending notification: textDocument/publishDiagnostics
[2020-Feb-02 22:13:04.247] [I] Fetching diagnostics for G:\Mes documents\Projects\evael\evael\source\evael\graphics\shaders\basic_shader.d
[2020-Feb-02 22:13:04.258] [D] Sending notification: window/logMessage
[2020-Feb-02 22:13:04.279] [D] Sending notification: textDocument/publishDiagnostics
[2020-Feb-02 22:13:04.288] [I] Fetching diagnostics for G:\Mes documents\Projects\evael\evael\source\evael\graphics\shaders\basic_terrain_shader.d
[2020-Feb-02 22:13:04.297] [D] Sending notification: window/logMessage
[2020-Feb-02 22:13:04.329] [D] Sending notification: textDocument/publishDiagnostics
[2020-Feb-02 22:13:04.338] [I] Fetching diagnostics for G:\Mes documents\Projects\evael\evael\source\evael\graphics\shaders\billboard_shader.d
[2020-Feb-02 22:13:04.346] [D] Sending notification: window/logMessage
[2020-Feb-02 22:13:04.371] [D] Sending notification: textDocument/publishDiagnostics
[2020-Feb-02 22:13:04.380] [I] Fetching diagnostics for G:\Mes documents\Projects\evael\evael\source\evael\graphics\shaders\iqm_shader.d
[2020-Feb-02 22:13:04.388] [D] Sending notification: window/logMessage
[2020-Feb-02 22:13:04.407] [D] Sending notification: textDocument/publishDiagnostics
[2020-Feb-02 22:13:04.416] [I] Fetching diagnostics for G:\Mes documents\Projects\evael\evael\source\evael\graphics\shaders\shader.d
[2020-Feb-02 22:13:04.424] [D] Sending notification: window/logMessage
[2020-Feb-02 22:13:04.464] [D] Sending notification: textDocument/publishDiagnostics
[2020-Feb-02 22:13:04.485] [I] Fetching diagnostics for G:\Mes documents\Projects\evael\evael\source\evael\graphics\shadow_frame_buffer.d
[2020-Feb-02 22:13:04.497] [D] Sending notification: window/logMessage
[2020-Feb-02 22:13:04.527] [D] Sending notification: textDocument/publishDiagnostics
[2020-Feb-02 22:13:04.536] [I] Fetching diagnostics for G:\Mes documents\Projects\evael\evael\source\evael\graphics\shapes\circle.d
[2020-Feb-02 22:13:04.545] [D] Sending notification: window/logMessage
[2020-Feb-02 22:13:04.584] [D] Sending notification: textDocument/publishDiagnostics
[2020-Feb-02 22:13:04.594] [I] Fetching diagnostics for G:\Mes documents\Projects\evael\evael\source\evael\graphics\shapes\package.d
[2020-Feb-02 22:13:04.604] [D] Sending notification: window/logMessage
[2020-Feb-02 22:13:04.628] [D] Sending notification: textDocument/publishDiagnostics
[2020-Feb-02 22:13:04.637] [I] Fetching diagnostics for G:\Mes documents\Projects\evael\evael\source\evael\graphics\shapes\polygon.d
[2020-Feb-02 22:13:04.645] [D] Sending notification: window/logMessage
[2020-Feb-02 22:13:04.680] [D] Sending notification: textDocument/publishDiagnostics
[2020-Feb-02 22:13:04.690] [I] Fetching diagnostics for G:\Mes documents\Projects\evael\evael\source\evael\graphics\shapes\quad.d
[2020-Feb-02 22:13:04.698] [D] Sending notification: window/logMessage
[2020-Feb-02 22:13:04.734] [D] Sending notification: textDocument/publishDiagnostics
[2020-Feb-02 22:13:04.743] [I] Fetching diagnostics for G:\Mes documents\Projects\evael\evael\source\evael\graphics\shapes\shape.d
[2020-Feb-02 22:13:04.751] [D] Sending notification: window/logMessage
[2020-Feb-02 22:13:04.797] [D] Sending notification: textDocument/publishDiagnostics
[2020-Feb-02 22:13:04.806] [I] Fetching diagnostics for G:\Mes documents\Projects\evael\evael\source\evael\graphics\shapes\triangle.d
[2020-Feb-02 22:13:04.817] [D] Sending notification: window/logMessage
[2020-Feb-02 22:13:04.853] [D] Sending notification: textDocument/publishDiagnostics
[2020-Feb-02 22:13:04.862] [I] Fetching diagnostics for G:\Mes documents\Projects\evael\evael\source\evael\graphics\sprite_batch.d
[2020-Feb-02 22:13:04.871] [D] Sending notification: window/logMessage
[2020-Feb-02 22:13:04.925] [D] Sending notification: textDocument/publishDiagnostics
[2020-Feb-02 22:13:04.934] [I] Fetching diagnostics for G:\Mes documents\Projects\evael\evael\source\evael\graphics\sprite_sheet.d
[2020-Feb-02 22:13:04.942] [D] Sending notification: window/logMessage
[2020-Feb-02 22:13:05.002] [D] Sending notification: textDocument/publishDiagnostics
[2020-Feb-02 22:13:05.010] [I] Fetching diagnostics for G:\Mes documents\Projects\evael\evael\source\evael\graphics\terrain.d
[2020-Feb-02 22:13:05.019] [D] Sending notification: window/logMessage
[2020-Feb-02 22:13:05.123] [D] Sending notification: textDocument/publishDiagnostics
[2020-Feb-02 22:13:05.132] [I] Fetching diagnostics for G:\Mes documents\Projects\evael\evael\source\evael\graphics\texture.d
[2020-Feb-02 22:13:05.140] [D] Sending notification: window/logMessage
[2020-Feb-02 22:13:05.194] [D] Sending notification: textDocument/publishDiagnostics
[2020-Feb-02 22:13:05.202] [I] Fetching diagnostics for G:\Mes documents\Projects\evael\evael\source\evael\graphics\texture_array.d
[2020-Feb-02 22:13:05.211] [D] Sending notification: window/logMessage
[2020-Feb-02 22:13:05.239] [D] Sending notification: textDocument/publishDiagnostics
[2020-Feb-02 22:13:05.248] [I] Fetching diagnostics for G:\Mes documents\Projects\evael\evael\source\evael\graphics\vertex.d
[2020-Feb-02 22:13:05.256] [D] Sending notification: window/logMessage
[2020-Feb-02 22:13:05.283] [D] Sending notification: textDocument/publishDiagnostics
[2020-Feb-02 22:13:05.291] [I] Fetching diagnostics for G:\Mes documents\Projects\evael\evael\source\evael\init.d
[2020-Feb-02 22:13:05.299] [D] Sending notification: window/logMessage
[2020-Feb-02 22:13:05.333] [D] Sending notification: textDocument/publishDiagnostics
[2020-Feb-02 22:13:05.342] [I] Fetching diagnostics for G:\Mes documents\Projects\evael\evael\source\evael\network\client_socket.d
[2020-Feb-02 22:13:05.350] [D] Sending notification: window/logMessage
[2020-Feb-02 22:13:06.044] [D] Sending notification: textDocument/publishDiagnostics
[2020-Feb-02 22:13:06.053] [I] Fetching diagnostics for G:\Mes documents\Projects\evael\evael\source\evael\network\op_code.d
[2020-Feb-02 22:13:06.061] [D] Sending notification: window/logMessage
[2020-Feb-02 22:13:06.073] [D] Sending notification: textDocument/publishDiagnostics
[2020-Feb-02 22:13:06.081] [I] Fetching diagnostics for G:\Mes documents\Projects\evael\evael\source\evael\network\packet.d
[2020-Feb-02 22:13:06.089] [D] Sending notification: window/logMessage
[2020-Feb-02 22:13:06.103] [D] Sending notification: textDocument/publishDiagnostics
[2020-Feb-02 22:13:06.111] [I] Fetching diagnostics for G:\Mes documents\Projects\evael\evael\source\evael\physics\package.d
[2020-Feb-02 22:13:06.119] [D] Sending notification: window/logMessage
[2020-Feb-02 22:13:06.126] [D] Sending notification: textDocument/publishDiagnostics
[2020-Feb-02 22:13:06.134] [I] Fetching diagnostics for G:\Mes documents\Projects\evael\evael\source\evael\physics\physics_2d\physics_world_2d.d
[2020-Feb-02 22:13:06.142] [D] Sending notification: window/logMessage
[2020-Feb-02 22:13:06.153] [D] Sending notification: textDocument/publishDiagnostics
[2020-Feb-02 22:13:06.161] [I] Fetching diagnostics for G:\Mes documents\Projects\evael\evael\source\evael\physics\physics_2d\rigid_body_2d.d
[2020-Feb-02 22:13:06.169] [D] Sending notification: window/logMessage
[2020-Feb-02 22:13:06.179] [D] Sending notification: textDocument/publishDiagnostics
[2020-Feb-02 22:13:06.187] [I] Fetching diagnostics for G:\Mes documents\Projects\evael\evael\source\evael\physics\physics_2d\space.d
[2020-Feb-02 22:13:06.195] [D] Sending notification: window/logMessage
[2020-Feb-02 22:13:06.203] [D] Sending notification: textDocument/publishDiagnostics
[2020-Feb-02 22:13:06.211] [I] Fetching diagnostics for G:\Mes documents\Projects\evael\evael\source\evael\physics\physics_world.d
[2020-Feb-02 22:13:06.218] [D] Sending notification: window/logMessage
[2020-Feb-02 22:13:06.229] [D] Sending notification: textDocument/publishDiagnostics
[2020-Feb-02 22:13:06.237] [I] Fetching diagnostics for G:\Mes documents\Projects\evael\evael\source\evael\system\asset.d
[2020-Feb-02 22:13:06.245] [D] Sending notification: window/logMessage
[2020-Feb-02 22:13:06.255] [D] Sending notification: textDocument/publishDiagnostics
[2020-Feb-02 22:13:06.263] [I] Fetching diagnostics for G:\Mes documents\Projects\evael\evael\source\evael\system\asset_loader.d
[2020-Feb-02 22:13:06.271] [D] Sending notification: window/logMessage
[2020-Feb-02 22:13:06.299] [D] Sending notification: textDocument/publishDiagnostics
[2020-Feb-02 22:13:06.307] [I] Fetching diagnostics for G:\Mes documents\Projects\evael\evael\source\evael\system\cursor.d
[2020-Feb-02 22:13:06.315] [D] Sending notification: window/logMessage
[2020-Feb-02 22:13:06.329] [D] Sending notification: textDocument/publishDiagnostics
[2020-Feb-02 22:13:06.337] [I] Fetching diagnostics for G:\Mes documents\Projects\evael\evael\source\evael\system\gl_context_settings.d
[2020-Feb-02 22:13:06.345] [D] Sending notification: window/logMessage
[2020-Feb-02 22:13:06.359] [D] Sending notification: textDocument/publishDiagnostics
[2020-Feb-02 22:13:06.368] [I] Fetching diagnostics for G:\Mes documents\Projects\evael\evael\source\evael\system\i18n.d
[2020-Feb-02 22:13:06.376] [D] Sending notification: window/logMessage
[2020-Feb-02 22:13:06.399] [D] Sending notification: textDocument/publishDiagnostics
[2020-Feb-02 22:13:06.407] [I] Fetching diagnostics for G:\Mes documents\Projects\evael\evael\source\evael\system\input.d
[2020-Feb-02 22:13:06.415] [D] Sending notification: window/logMessage
[2020-Feb-02 22:13:06.427] [D] Sending notification: textDocument/publishDiagnostics
[2020-Feb-02 22:13:06.436] [I] Fetching diagnostics for G:\Mes documents\Projects\evael\evael\source\evael\system\input_handler.d
[2020-Feb-02 22:13:06.443] [D] Sending notification: window/logMessage
[2020-Feb-02 22:13:06.470] [D] Sending notification: textDocument/publishDiagnostics
[2020-Feb-02 22:13:06.478] [I] Fetching diagnostics for G:\Mes documents\Projects\evael\evael\source\evael\system\package.d
[2020-Feb-02 22:13:06.485] [D] Sending notification: window/logMessage
[2020-Feb-02 22:13:06.522] [D] Sending notification: textDocument/publishDiagnostics
[2020-Feb-02 22:13:06.531] [I] Fetching diagnostics for G:\Mes documents\Projects\evael\evael\source\evael\system\window.d
[2020-Feb-02 22:13:06.539] [D] Sending notification: window/logMessage
[2020-Feb-02 22:13:06.578] [D] Sending notification: textDocument/publishDiagnostics
[2020-Feb-02 22:13:06.586] [I] Fetching diagnostics for G:\Mes documents\Projects\evael\evael\source\evael\system\window_settings.d
[2020-Feb-02 22:13:06.595] [D] Sending notification: window/logMessage
[2020-Feb-02 22:13:06.610] [D] Sending notification: textDocument/publishDiagnostics
[2020-Feb-02 22:13:06.618] [I] Fetching diagnostics for G:\Mes documents\Projects\evael\evael\source\evael\utils\color.d
[2020-Feb-02 22:13:06.626] [D] Sending notification: window/logMessage
[2020-Feb-02 22:13:06.644] [D] Sending notification: textDocument/publishDiagnostics
[2020-Feb-02 22:13:06.652] [I] Fetching diagnostics for G:\Mes documents\Projects\evael\evael\source\evael\utils\functions.d
[2020-Feb-02 22:13:06.661] [D] Sending notification: window/logMessage
[2020-Feb-02 22:13:06.693] [D] Sending notification: textDocument/publishDiagnostics
[2020-Feb-02 22:13:06.701] [I] Fetching diagnostics for G:\Mes documents\Projects\evael\evael\source\evael\utils\math.d
[2020-Feb-02 22:13:06.709] [D] Sending notification: window/logMessage
[2020-Feb-02 22:13:06.743] [D] Sending notification: textDocument/publishDiagnostics
[2020-Feb-02 22:13:06.752] [I] Fetching diagnostics for G:\Mes documents\Projects\evael\evael\source\evael\utils\package.d
[2020-Feb-02 22:13:06.760] [D] Sending notification: window/logMessage
[2020-Feb-02 22:13:06.785] [D] Sending notification: textDocument/publishDiagnostics
[2020-Feb-02 22:13:06.794] [I] Fetching diagnostics for G:\Mes documents\Projects\evael\evael\source\evael\utils\rectangle.d
[2020-Feb-02 22:13:06.802] [D] Sending notification: window/logMessage
[2020-Feb-02 22:13:06.820] [D] Sending notification: textDocument/publishDiagnostics
[2020-Feb-02 22:13:06.829] [I] Fetching diagnostics for G:\Mes documents\Projects\evael\evael\source\evael\utils\singleton.d
[2020-Feb-02 22:13:06.837] [D] Sending notification: window/logMessage
[2020-Feb-02 22:13:06.850] [D] Sending notification: textDocument/publishDiagnostics
[2020-Feb-02 22:13:06.858] [I] Fetching diagnostics for G:\Mes documents\Projects\evael\evael\source\evael\utils\size.d
[2020-Feb-02 22:13:06.866] [D] Sending notification: window/logMessage
[2020-Feb-02 22:13:06.880] [D] Sending notification: textDocument/publishDiagnostics
[2020-Feb-02 22:13:06.889] [I] Fetching diagnostics for G:\Mes documents\Projects\evael\source\evael\renderer\gl\gl_device.d
[2020-Feb-02 22:13:06.897] [D] Sending notification: window/logMessage
[2020-Feb-02 22:13:06.943] [D] Sending notification: textDocument/publishDiagnostics
[2020-Feb-02 22:13:06.952] [I] Resource deleted: G:\Mes documents\Projects\evael\dscanner.ini
[2020-Feb-02 22:13:06.959] [D] Sending notification: window/logMessage
[2020-Feb-02 22:13:07.043] [I] Fetching diagnostics for G:\Mes documents\Projects\evael\evael\source\evael\audio\al.d
[2020-Feb-02 22:13:07.051] [D] Sending notification: window/logMessage
[2020-Feb-02 22:13:07.072] [D] Sending notification: textDocument/publishDiagnostics
[2020-Feb-02 22:13:07.080] [I] Fetching diagnostics for G:\Mes documents\Projects\evael\evael\source\evael\audio\audio_device.d
[2020-Feb-02 22:13:07.088] [D] Sending notification: window/logMessage
[2020-Feb-02 22:13:07.107] [D] Sending notification: textDocument/publishDiagnostics
[2020-Feb-02 22:13:07.115] [I] Fetching diagnostics for G:\Mes documents\Projects\evael\evael\source\evael\audio\audio_exception.d
[2020-Feb-02 22:13:07.123] [D] Sending notification: window/logMessage
[2020-Feb-02 22:13:07.134] [D] Sending notification: textDocument/publishDiagnostics
[2020-Feb-02 22:13:07.142] [I] Fetching diagnostics for G:\Mes documents\Projects\evael\evael\source\evael\audio\package.d
[2020-Feb-02 22:13:07.151] [D] Sending notification: window/logMessage
[2020-Feb-02 22:13:07.168] [D] Sending notification: textDocument/publishDiagnostics
[2020-Feb-02 22:13:07.177] [I] Fetching diagnostics for G:\Mes documents\Projects\evael\evael\source\evael\audio\sound.d
[2020-Feb-02 22:13:07.185] [D] Sending notification: window/logMessage
[2020-Feb-02 22:13:07.219] [D] Sending notification: textDocument/publishDiagnostics
[2020-Feb-02 22:13:07.228] [I] Fetching diagnostics for G:\Mes documents\Projects\evael\evael\source\evael\audio\source.d
[2020-Feb-02 22:13:07.237] [D] Sending notification: window/logMessage
[2020-Feb-02 22:13:07.260] [D] Sending notification: textDocument/publishDiagnostics
[2020-Feb-02 22:13:07.269] [I] Fetching diagnostics for G:\Mes documents\Projects\evael\evael\source\evael\core\game.d
[2020-Feb-02 22:13:07.277] [D] Sending notification: window/logMessage
[2020-Feb-02 22:13:07.339] [D] Sending notification: textDocument/publishDiagnostics
[2020-Feb-02 22:13:07.348] [I] Fetching diagnostics for G:\Mes documents\Projects\evael\evael\source\evael\core\game_config.d
[2020-Feb-02 22:13:07.356] [D] Sending notification: window/logMessage
[2020-Feb-02 22:13:07.372] [D] Sending notification: textDocument/publishDiagnostics
[2020-Feb-02 22:13:07.380] [I] Fetching diagnostics for G:\Mes documents\Projects\evael\evael\source\evael\core\game_state.d
[2020-Feb-02 22:13:07.388] [D] Sending notification: window/logMessage
[2020-Feb-02 22:13:07.428] [D] Sending notification: textDocument/publishDiagnostics
[2020-Feb-02 22:13:07.436] [I] Fetching diagnostics for G:\Mes documents\Projects\evael\evael\source\evael\core\package.d
[2020-Feb-02 22:13:07.445] [D] Sending notification: window/logMessage
[2020-Feb-02 22:13:07.465] [D] Sending notification: textDocument/publishDiagnostics
[2020-Feb-02 22:13:07.473] [I] Fetching diagnostics for G:\Mes documents\Projects\evael\evael\source\evael\graphics\depth_frame_buffer.d
[2020-Feb-02 22:13:07.481] [D] Sending notification: window/logMessage
[2020-Feb-02 22:13:07.502] [D] Sending notification: textDocument/publishDiagnostics
[2020-Feb-02 22:13:07.511] [I] Fetching diagnostics for G:\Mes documents\Projects\evael\evael\source\evael\graphics\drawable.d
[2020-Feb-02 22:13:07.518] [D] Sending notification: window/logMessage
[2020-Feb-02 22:13:07.550] [D] Sending notification: textDocument/publishDiagnostics
[2020-Feb-02 22:13:07.559] [I] Fetching diagnostics for G:\Mes documents\Projects\evael\evael\source\evael\graphics\effect.d
[2020-Feb-02 22:13:07.567] [D] Sending notification: window/logMessage
[2020-Feb-02 22:13:07.590] [D] Sending notification: textDocument/publishDiagnostics
[2020-Feb-02 22:13:07.598] [I] Fetching diagnostics for G:\Mes documents\Projects\evael\evael\source\evael\graphics\environment.d
[2020-Feb-02 22:13:07.606] [D] Sending notification: window/logMessage
[2020-Feb-02 22:13:07.639] [D] Sending notification: textDocument/publishDiagnostics
[2020-Feb-02 22:13:07.648] [I] Fetching diagnostics for G:\Mes documents\Projects\evael\evael\source\evael\graphics\font.d
[2020-Feb-02 22:13:07.656] [D] Sending notification: window/logMessage
[2020-Feb-02 22:13:07.719] [D] Sending notification: textDocument/publishDiagnostics
[2020-Feb-02 22:13:07.728] [I] Fetching diagnostics for G:\Mes documents\Projects\evael\evael\source\evael\graphics\frame_buffer.d
[2020-Feb-02 22:13:07.737] [D] Sending notification: window/logMessage
[2020-Feb-02 22:13:07.756] [D] Sending notification: textDocument/publishDiagnostics
[2020-Feb-02 22:13:07.765] [I] Fetching diagnostics for G:\Mes documents\Projects\evael\evael\source\evael\graphics\gl.d
[2020-Feb-02 22:13:07.773] [D] Sending notification: window/logMessage
[2020-Feb-02 22:13:07.793] [D] Sending notification: textDocument/publishDiagnostics
[2020-Feb-02 22:13:07.801] [I] Fetching diagnostics for G:\Mes documents\Projects\evael\evael\source\evael\graphics\graphics_device.d
[2020-Feb-02 22:13:07.810] [D] Sending notification: window/logMessage
[2020-Feb-02 22:13:07.917] [D] Sending notification: textDocument/publishDiagnostics
[2020-Feb-02 22:13:07.926] [I] Fetching diagnostics for G:\Mes documents\Projects\evael\evael\source\evael\graphics\gui\core\input_handler.d
[2020-Feb-02 22:13:07.934] [D] Sending notification: window/logMessage
[2020-Feb-02 22:13:07.962] [D] Sending notification: textDocument/publishDiagnostics
[2020-Feb-02 22:13:07.971] [I] Fetching diagnostics for G:\Mes documents\Projects\evael\evael\source\evael\graphics\gui\core\renderer.d
[2020-Feb-02 22:13:07.979] [D] Sending notification: window/logMessage
[2020-Feb-02 22:13:08.026] [D] Sending notification: textDocument/publishDiagnostics
[2020-Feb-02 22:13:08.034] [I] Fetching diagnostics for G:\Mes documents\Projects\evael\evael\source\evael\graphics\gui\gui_manager.d
[2020-Feb-02 22:13:08.042] [D] Sending notification: window/logMessage
[2020-Feb-02 22:13:08.097] [D] Sending notification: textDocument/publishDiagnostics
[2020-Feb-02 22:13:08.106] [I] Fetching diagnostics for G:\Mes documents\Projects\evael\evael\source\evael\graphics\gui\layouts\layout.d
[2020-Feb-02 22:13:08.114] [D] Sending notification: window/logMessage
[2020-Feb-02 22:13:08.135] [D] Sending notification: textDocument/publishDiagnostics
[2020-Feb-02 22:13:08.144] [I] Fetching diagnostics for G:\Mes documents\Projects\evael\evael\source\evael\graphics\gui\layouts\layout_interface.d
[2020-Feb-02 22:13:08.152] [D] Sending notification: window/logMessage
[2020-Feb-02 22:13:08.167] [D] Sending notification: textDocument/publishDiagnostics
[2020-Feb-02 22:13:08.175] [I] Fetching diagnostics for G:\Mes documents\Projects\evael\evael\source\evael\graphics\gui\layouts\layout_params.d
[2020-Feb-02 22:13:08.183] [D] Sending notification: window/logMessage
[2020-Feb-02 22:13:08.196] [D] Sending notification: textDocument/publishDiagnostics
[2020-Feb-02 22:13:08.204] [I] Fetching diagnostics for G:\Mes documents\Projects\evael\evael\source\evael\graphics\gui\layouts\package.d
[2020-Feb-02 22:13:08.212] [D] Sending notification: window/logMessage
[2020-Feb-02 22:13:08.229] [D] Sending notification: textDocument/publishDiagnostics
[2020-Feb-02 22:13:08.238] [I] Fetching diagnostics for G:\Mes documents\Projects\evael\evael\source\evael\graphics\gui\package.d
[2020-Feb-02 22:13:08.245] [D] Sending notification: window/logMessage
[2020-Feb-02 22:13:08.267] [D] Sending notification: textDocument/publishDiagnostics
[2020-Feb-02 22:13:08.275] [I] Fetching diagnostics for G:\Mes documents\Projects\evael\evael\source\evael\graphics\gui\style.d
[2020-Feb-02 22:13:08.284] [D] Sending notification: window/logMessage
[2020-Feb-02 22:13:08.304] [D] Sending notification: textDocument/publishDiagnostics
[2020-Feb-02 22:13:08.314] [I] Fetching diagnostics for G:\Mes documents\Projects\evael\evael\source\evael\graphics\gui\widgets\button.d
[2020-Feb-02 22:13:08.323] [D] Sending notification: window/logMessage
[2020-Feb-02 22:13:08.342] [D] Sending notification: textDocument/publishDiagnostics
[2020-Feb-02 22:13:08.351] [I] Fetching diagnostics for G:\Mes documents\Projects\evael\evael\source\evael\graphics\gui\widgets\check_box.d
[2020-Feb-02 22:13:08.360] [D] Sending notification: window/logMessage
[2020-Feb-02 22:13:08.378] [D] Sending notification: textDocument/publishDiagnostics
[2020-Feb-02 22:13:08.388] [I] Fetching diagnostics for G:\Mes documents\Projects\evael\evael\source\evael\graphics\gui\widgets\color_picker.d
[2020-Feb-02 22:13:08.397] [D] Sending notification: window/logMessage
[2020-Feb-02 22:13:08.417] [D] Sending notification: textDocument/publishDiagnostics
[2020-Feb-02 22:13:08.426] [I] Fetching diagnostics for G:\Mes documents\Projects\evael\evael\source\evael\graphics\gui\widgets\combo_box.d
[2020-Feb-02 22:13:08.435] [D] Sending notification: window/logMessage
[2020-Feb-02 22:13:08.451] [D] Sending notification: textDocument/publishDiagnostics
[2020-Feb-02 22:13:08.459] [I] Fetching diagnostics for G:\Mes documents\Projects\evael\evael\source\evael\graphics\gui\widgets\input.d
[2020-Feb-02 22:13:08.467] [D] Sending notification: window/logMessage
[2020-Feb-02 22:13:08.484] [D] Sending notification: textDocument/publishDiagnostics
[2020-Feb-02 22:13:08.493] [I] Fetching diagnostics for G:\Mes documents\Projects\evael\evael\source\evael\graphics\gui\widgets\label.d
[2020-Feb-02 22:13:08.502] [D] Sending notification: window/logMessage
[2020-Feb-02 22:13:08.518] [D] Sending notification: textDocument/publishDiagnostics
[2020-Feb-02 22:13:08.526] [I] Fetching diagnostics for G:\Mes documents\Projects\evael\evael\source\evael\graphics\gui\widgets\package.d
[2020-Feb-02 22:13:08.535] [D] Sending notification: window/logMessage
[2020-Feb-02 22:13:08.580] [D] Sending notification: textDocument/publishDiagnostics
[2020-Feb-02 22:13:08.588] [I] Fetching diagnostics for G:\Mes documents\Projects\evael\evael\source\evael\graphics\gui\widgets\progress_bar.d
[2020-Feb-02 22:13:08.596] [D] Sending notification: window/logMessage
[2020-Feb-02 22:13:08.611] [D] Sending notification: textDocument/publishDiagnostics
[2020-Feb-02 22:13:08.619] [I] Fetching diagnostics for G:\Mes documents\Projects\evael\evael\source\evael\graphics\gui\widgets\property.d
[2020-Feb-02 22:13:08.628] [D] Sending notification: window/logMessage
[2020-Feb-02 22:13:08.645] [D] Sending notification: textDocument/publishDiagnostics
[2020-Feb-02 22:13:08.654] [I] Fetching diagnostics for G:\Mes documents\Projects\evael\evael\source\evael\graphics\gui\widgets\radio_button.d
[2020-Feb-02 22:13:08.662] [D] Sending notification: window/logMessage
[2020-Feb-02 22:13:08.678] [D] Sending notification: textDocument/publishDiagnostics
[2020-Feb-02 22:13:08.687] [I] Fetching diagnostics for G:\Mes documents\Projects\evael\evael\source\evael\graphics\gui\widgets\slider.d
[2020-Feb-02 22:13:08.695] [D] Sending notification: window/logMessage
[2020-Feb-02 22:13:08.711] [D] Sending notification: textDocument/publishDiagnostics
[2020-Feb-02 22:13:08.720] [I] Fetching diagnostics for G:\Mes documents\Projects\evael\evael\source\evael\graphics\gui\widgets\widget.d
[2020-Feb-02 22:13:08.728] [D] Sending notification: window/logMessage
[2020-Feb-02 22:13:08.746] [D] Sending notification: textDocument/publishDiagnostics
[2020-Feb-02 22:13:08.755] [I] Fetching diagnostics for G:\Mes documents\Projects\evael\evael\source\evael\graphics\gui\widgets\window.d
[2020-Feb-02 22:13:08.764] [D] Sending notification: window/logMessage
[2020-Feb-02 22:13:08.784] [D] Sending notification: textDocument/publishDiagnostics
[2020-Feb-02 22:13:08.793] [I] Fetching diagnostics for G:\Mes documents\Projects\evael\evael\source\evael\graphics\lights\ambient_light.d
[2020-Feb-02 22:13:08.801] [D] Sending notification: window/logMessage
[2020-Feb-02 22:13:08.820] [D] Sending notification: textDocument/publishDiagnostics
[2020-Feb-02 22:13:08.829] [I] Fetching diagnostics for G:\Mes documents\Projects\evael\evael\source\evael\graphics\lights\directional_light.d
[2020-Feb-02 22:13:08.839] [D] Sending notification: window/logMessage
[2020-Feb-02 22:13:08.858] [D] Sending notification: textDocument/publishDiagnostics
[2020-Feb-02 22:13:08.867] [I] Fetching diagnostics for G:\Mes documents\Projects\evael\evael\source\evael\graphics\lights\light.d
[2020-Feb-02 22:13:08.876] [D] Sending notification: window/logMessage
[2020-Feb-02 22:13:08.892] [D] Sending notification: textDocument/publishDiagnostics
[2020-Feb-02 22:13:08.900] [I] Fetching diagnostics for G:\Mes documents\Projects\evael\evael\source\evael\graphics\lights\package.d
[2020-Feb-02 22:13:08.908] [D] Sending notification: window/logMessage
[2020-Feb-02 22:13:08.931] [D] Sending notification: textDocument/publishDiagnostics
[2020-Feb-02 22:13:08.940] [I] Fetching diagnostics for G:\Mes documents\Projects\evael\evael\source\evael\graphics\lights\point_light.d
[2020-Feb-02 22:13:08.948] [D] Sending notification: window/logMessage
[2020-Feb-02 22:13:08.965] [D] Sending notification: textDocument/publishDiagnostics
[2020-Feb-02 22:13:08.973] [I] Fetching diagnostics for G:\Mes documents\Projects\evael\evael\source\evael\graphics\models\animation.d
[2020-Feb-02 22:13:08.982] [D] Sending notification: window/logMessage
[2020-Feb-02 22:13:08.995] [D] Sending notification: textDocument/publishDiagnostics
[2020-Feb-02 22:13:09.003] [I] Fetching diagnostics for G:\Mes documents\Projects\evael\evael\source\evael\graphics\models\bounding_box.d
[2020-Feb-02 22:13:09.011] [D] Sending notification: window/logMessage
[2020-Feb-02 22:13:09.026] [D] Sending notification: textDocument/publishDiagnostics
[2020-Feb-02 22:13:09.035] [I] Fetching diagnostics for G:\Mes documents\Projects\evael\evael\source\evael\graphics\models\iqm.d
[2020-Feb-02 22:13:09.044] [D] Sending notification: window/logMessage
[2020-Feb-02 22:13:09.135] [D] Sending notification: textDocument/publishDiagnostics
[2020-Feb-02 22:13:09.146] [I] Fetching diagnostics for G:\Mes documents\Projects\evael\evael\source\evael\graphics\models\model.d
[2020-Feb-02 22:13:09.158] [D] Sending notification: window/logMessage
[2020-Feb-02 22:13:09.195] [D] Sending notification: textDocument/publishDiagnostics
[2020-Feb-02 22:13:09.205] [I] Fetching diagnostics for G:\Mes documents\Projects\evael\evael\source\evael\graphics\models\package.d
[2020-Feb-02 22:13:09.216] [D] Sending notification: window/logMessage
[2020-Feb-02 22:13:09.238] [D] Sending notification: textDocument/publishDiagnostics
[2020-Feb-02 22:13:09.249] [I] Fetching diagnostics for G:\Mes documents\Projects\evael\evael\source\evael\graphics\models\wavefront.d
[2020-Feb-02 22:13:09.258] [D] Sending notification: window/logMessage
[2020-Feb-02 22:13:09.352] [D] Sending notification: textDocument/publishDiagnostics
[2020-Feb-02 22:13:09.361] [I] Fetching diagnostics for G:\Mes documents\Projects\evael\evael\source\evael\graphics\particles\particle.d
[2020-Feb-02 22:13:09.371] [D] Sending notification: window/logMessage
[2020-Feb-02 22:13:09.390] [D] Sending notification: textDocument/publishDiagnostics
[2020-Feb-02 22:13:09.399] [I] Fetching diagnostics for G:\Mes documents\Projects\evael\evael\source\evael\graphics\particles\particle_emitter.d
[2020-Feb-02 22:13:09.408] [D] Sending notification: window/logMessage
[2020-Feb-02 22:13:09.454] [D] Sending notification: textDocument/publishDiagnostics
[2020-Feb-02 22:13:09.464] [I] Fetching diagnostics for G:\Mes documents\Projects\evael\evael\source\evael\graphics\shaders\basic_light_shader.d
[2020-Feb-02 22:13:09.477] [D] Sending notification: window/logMessage
[2020-Feb-02 22:13:09.500] [D] Sending notification: textDocument/publishDiagnostics
[2020-Feb-02 22:13:09.509] [I] Fetching diagnostics for G:\Mes documents\Projects\evael\evael\source\evael\graphics\shaders\basic_model_shader.d
[2020-Feb-02 22:13:09.520] [D] Sending notification: window/logMessage
[2020-Feb-02 22:13:09.542] [D] Sending notification: textDocument/publishDiagnostics
[2020-Feb-02 22:13:09.551] [I] Fetching diagnostics for G:\Mes documents\Projects\evael\evael\source\evael\graphics\shaders\basic_shader.d
[2020-Feb-02 22:13:09.561] [D] Sending notification: window/logMessage
[2020-Feb-02 22:13:09.582] [D] Sending notification: textDocument/publishDiagnostics
[2020-Feb-02 22:13:09.592] [I] Fetching diagnostics for G:\Mes documents\Projects\evael\evael\source\evael\graphics\shaders\basic_terrain_shader.d
[2020-Feb-02 22:13:09.602] [D] Sending notification: window/logMessage
[2020-Feb-02 22:13:09.626] [D] Sending notification: textDocument/publishDiagnostics
[2020-Feb-02 22:13:09.636] [I] Fetching diagnostics for G:\Mes documents\Projects\evael\evael\source\evael\graphics\shaders\billboard_shader.d
[2020-Feb-02 22:13:09.646] [D] Sending notification: window/logMessage
[2020-Feb-02 22:13:09.670] [D] Sending notification: textDocument/publishDiagnostics
[2020-Feb-02 22:13:09.679] [I] Fetching diagnostics for G:\Mes documents\Projects\evael\evael\source\evael\graphics\shaders\iqm_shader.d
[2020-Feb-02 22:13:09.689] [D] Sending notification: window/logMessage
[2020-Feb-02 22:13:09.715] [D] Sending notification: textDocument/publishDiagnostics
[2020-Feb-02 22:13:09.725] [I] Fetching diagnostics for G:\Mes documents\Projects\evael\evael\source\evael\graphics\shaders\shader.d
[2020-Feb-02 22:13:09.736] [D] Sending notification: window/logMessage
[2020-Feb-02 22:13:09.782] [D] Sending notification: textDocument/publishDiagnostics
[2020-Feb-02 22:13:09.793] [I] Fetching diagnostics for G:\Mes documents\Projects\evael\evael\source\evael\graphics\shadow_frame_buffer.d
[2020-Feb-02 22:13:09.804] [D] Sending notification: window/logMessage
[2020-Feb-02 22:13:09.846] [D] Sending notification: textDocument/publishDiagnostics
[2020-Feb-02 22:13:09.857] [I] Fetching diagnostics for G:\Mes documents\Projects\evael\evael\source\evael\graphics\shapes\circle.d
[2020-Feb-02 22:13:09.869] [D] Sending notification: window/logMessage
[2020-Feb-02 22:13:09.921] [D] Sending notification: textDocument/publishDiagnostics
[2020-Feb-02 22:13:09.931] [I] Fetching diagnostics for G:\Mes documents\Projects\evael\evael\source\evael\graphics\shapes\package.d
[2020-Feb-02 22:13:09.942] [D] Sending notification: window/logMessage
[2020-Feb-02 22:13:09.976] [D] Sending notification: textDocument/publishDiagnostics
[2020-Feb-02 22:13:09.988] [I] Fetching diagnostics for G:\Mes documents\Projects\evael\evael\source\evael\graphics\shapes\polygon.d
[2020-Feb-02 22:13:09.999] [D] Sending notification: window/logMessage
[2020-Feb-02 22:13:10.051] [D] Sending notification: textDocument/publishDiagnostics
[2020-Feb-02 22:13:10.063] [I] Fetching diagnostics for G:\Mes documents\Projects\evael\evael\source\evael\graphics\shapes\quad.d
[2020-Feb-02 22:13:10.077] [D] Sending notification: window/logMessage
[2020-Feb-02 22:13:10.130] [D] Sending notification: textDocument/publishDiagnostics
[2020-Feb-02 22:13:10.141] [I] Fetching diagnostics for G:\Mes documents\Projects\evael\evael\source\evael\graphics\shapes\shape.d
[2020-Feb-02 22:13:10.151] [D] Sending notification: window/logMessage
[2020-Feb-02 22:13:10.195] [D] Sending notification: textDocument/publishDiagnostics
[2020-Feb-02 22:13:10.206] [I] Fetching diagnostics for G:\Mes documents\Projects\evael\evael\source\evael\graphics\shapes\triangle.d
[2020-Feb-02 22:13:10.216] [D] Sending notification: window/logMessage
[2020-Feb-02 22:13:10.253] [D] Sending notification: textDocument/publishDiagnostics
[2020-Feb-02 22:13:10.262] [I] Fetching diagnostics for G:\Mes documents\Projects\evael\evael\source\evael\graphics\sprite_batch.d
[2020-Feb-02 22:13:10.273] [D] Sending notification: window/logMessage
[2020-Feb-02 22:13:10.319] [D] Sending notification: textDocument/publishDiagnostics
[2020-Feb-02 22:13:10.328] [I] Fetching diagnostics for G:\Mes documents\Projects\evael\evael\source\evael\graphics\sprite_sheet.d
[2020-Feb-02 22:13:10.336] [D] Sending notification: window/logMessage
[2020-Feb-02 22:13:10.387] [D] Sending notification: textDocument/publishDiagnostics
[2020-Feb-02 22:13:10.396] [I] Fetching diagnostics for G:\Mes documents\Projects\evael\evael\source\evael\graphics\terrain.d
[2020-Feb-02 22:13:10.405] [D] Sending notification: window/logMessage
[2020-Feb-02 22:13:10.468] [D] Sending notification: textDocument/publishDiagnostics
[2020-Feb-02 22:13:10.477] [I] Fetching diagnostics for G:\Mes documents\Projects\evael\evael\source\evael\graphics\texture.d
[2020-Feb-02 22:13:10.485] [D] Sending notification: window/logMessage
[2020-Feb-02 22:13:10.547] [D] Sending notification: textDocument/publishDiagnostics
[2020-Feb-02 22:13:10.556] [I] Fetching diagnostics for G:\Mes documents\Projects\evael\evael\source\evael\graphics\texture_array.d
[2020-Feb-02 22:13:10.565] [D] Sending notification: window/logMessage
[2020-Feb-02 22:13:10.594] [D] Sending notification: textDocument/publishDiagnostics
[2020-Feb-02 22:13:10.603] [I] Fetching diagnostics for G:\Mes documents\Projects\evael\evael\source\evael\graphics\vertex.d
[2020-Feb-02 22:13:10.611] [D] Sending notification: window/logMessage
[2020-Feb-02 22:13:10.640] [D] Sending notification: textDocument/publishDiagnostics
[2020-Feb-02 22:13:10.648] [I] Fetching diagnostics for G:\Mes documents\Projects\evael\evael\source\evael\init.d
[2020-Feb-02 22:13:10.657] [D] Sending notification: window/logMessage
[2020-Feb-02 22:13:10.693] [D] Sending notification: textDocument/publishDiagnostics
[2020-Feb-02 22:13:10.701] [I] Fetching diagnostics for G:\Mes documents\Projects\evael\evael\source\evael\network\client_socket.d
[2020-Feb-02 22:13:10.710] [D] Sending notification: window/logMessage
[2020-Feb-02 22:13:10.748] [D] Sending notification: textDocument/publishDiagnostics
[2020-Feb-02 22:13:10.756] [I] Fetching diagnostics for G:\Mes documents\Projects\evael\evael\source\evael\network\op_code.d
[2020-Feb-02 22:13:10.765] [D] Sending notification: window/logMessage
[2020-Feb-02 22:13:10.778] [D] Sending notification: textDocument/publishDiagnostics
[2020-Feb-02 22:13:10.786] [I] Fetching diagnostics for G:\Mes documents\Projects\evael\evael\source\evael\network\packet.d
[2020-Feb-02 22:13:10.795] [D] Sending notification: window/logMessage
[2020-Feb-02 22:13:10.810] [D] Sending notification: textDocument/publishDiagnostics
[2020-Feb-02 22:13:10.822] [I] Fetching diagnostics for G:\Mes documents\Projects\evael\evael\source\evael\physics\package.d
[2020-Feb-02 22:13:10.833] [D] Sending notification: window/logMessage
[2020-Feb-02 22:13:10.842] [D] Sending notification: textDocument/publishDiagnostics
[2020-Feb-02 22:13:10.850] [I] Fetching diagnostics for G:\Mes documents\Projects\evael\evael\source\evael\physics\physics_2d\physics_world_2d.d
[2020-Feb-02 22:13:10.859] [D] Sending notification: window/logMessage
[2020-Feb-02 22:13:10.870] [D] Sending notification: textDocument/publishDiagnostics
[2020-Feb-02 22:13:10.878] [I] Fetching diagnostics for G:\Mes documents\Projects\evael\evael\source\evael\physics\physics_2d\rigid_body_2d.d
[2020-Feb-02 22:13:10.886] [D] Sending notification: window/logMessage
[2020-Feb-02 22:13:10.898] [D] Sending notification: textDocument/publishDiagnostics
[2020-Feb-02 22:13:10.906] [I] Fetching diagnostics for G:\Mes documents\Projects\evael\evael\source\evael\physics\physics_2d\space.d
[2020-Feb-02 22:13:10.914] [D] Sending notification: window/logMessage
[2020-Feb-02 22:13:10.924] [D] Sending notification: textDocument/publishDiagnostics
[2020-Feb-02 22:13:10.932] [I] Fetching diagnostics for G:\Mes documents\Projects\evael\evael\source\evael\physics\physics_world.d
[2020-Feb-02 22:13:10.940] [D] Sending notification: window/logMessage
[2020-Feb-02 22:13:10.951] [D] Sending notification: textDocument/publishDiagnostics
[2020-Feb-02 22:13:10.960] [I] Fetching diagnostics for G:\Mes documents\Projects\evael\evael\source\evael\system\asset.d
[2020-Feb-02 22:13:10.968] [D] Sending notification: window/logMessage
[2020-Feb-02 22:13:10.981] [D] Sending notification: textDocument/publishDiagnostics
[2020-Feb-02 22:13:10.990] [I] Fetching diagnostics for G:\Mes documents\Projects\evael\evael\source\evael\system\asset_loader.d
[2020-Feb-02 22:13:11.001] [D] Sending notification: window/logMessage
[2020-Feb-02 22:13:11.031] [D] Sending notification: textDocument/publishDiagnostics
[2020-Feb-02 22:13:11.040] [I] Fetching diagnostics for G:\Mes documents\Projects\evael\evael\source\evael\system\cursor.d
[2020-Feb-02 22:13:11.050] [D] Sending notification: window/logMessage
[2020-Feb-02 22:13:11.066] [D] Sending notification: textDocument/publishDiagnostics
[2020-Feb-02 22:13:11.075] [I] Fetching diagnostics for G:\Mes documents\Projects\evael\evael\source\evael\system\gl_context_settings.d
[2020-Feb-02 22:13:11.084] [D] Sending notification: window/logMessage
[2020-Feb-02 22:13:11.103] [D] Sending notification: textDocument/publishDiagnostics
[2020-Feb-02 22:13:11.113] [I] Fetching diagnostics for G:\Mes documents\Projects\evael\evael\source\evael\system\i18n.d
[2020-Feb-02 22:13:11.124] [D] Sending notification: window/logMessage
[2020-Feb-02 22:13:11.150] [D] Sending notification: textDocument/publishDiagnostics
[2020-Feb-02 22:13:11.159] [I] Fetching diagnostics for G:\Mes documents\Projects\evael\evael\source\evael\system\input.d
[2020-Feb-02 22:13:11.169] [D] Sending notification: window/logMessage
[2020-Feb-02 22:13:11.183] [D] Sending notification: textDocument/publishDiagnostics
[2020-Feb-02 22:13:11.192] [I] Fetching diagnostics for G:\Mes documents\Projects\evael\evael\source\evael\system\input_handler.d
[2020-Feb-02 22:13:11.200] [D] Sending notification: window/logMessage
[2020-Feb-02 22:13:11.228] [D] Sending notification: textDocument/publishDiagnostics
[2020-Feb-02 22:13:11.237] [I] Fetching diagnostics for G:\Mes documents\Projects\evael\evael\source\evael\system\package.d
[2020-Feb-02 22:13:11.247] [D] Sending notification: window/logMessage
[2020-Feb-02 22:13:11.286] [D] Sending notification: textDocument/publishDiagnostics
[2020-Feb-02 22:13:11.295] [I] Fetching diagnostics for G:\Mes documents\Projects\evael\evael\source\evael\system\window.d
[2020-Feb-02 22:13:11.305] [D] Sending notification: window/logMessage
[2020-Feb-02 22:13:11.354] [D] Sending notification: textDocument/publishDiagnostics
[2020-Feb-02 22:13:11.365] [I] Fetching diagnostics for G:\Mes documents\Projects\evael\evael\source\evael\system\window_settings.d
[2020-Feb-02 22:13:11.376] [D] Sending notification: window/logMessage
[2020-Feb-02 22:13:11.392] [D] Sending notification: textDocument/publishDiagnostics
[2020-Feb-02 22:13:11.401] [I] Fetching diagnostics for G:\Mes documents\Projects\evael\evael\source\evael\utils\color.d
[2020-Feb-02 22:13:11.410] [D] Sending notification: window/logMessage
[2020-Feb-02 22:13:11.430] [D] Sending notification: textDocument/publishDiagnostics
[2020-Feb-02 22:13:11.440] [I] Fetching diagnostics for G:\Mes documents\Projects\evael\evael\source\evael\utils\functions.d
[2020-Feb-02 22:13:11.451] [D] Sending notification: window/logMessage
[2020-Feb-02 22:13:11.486] [D] Sending notification: textDocument/publishDiagnostics
[2020-Feb-02 22:13:11.497] [I] Fetching diagnostics for G:\Mes documents\Projects\evael\evael\source\evael\utils\math.d
[2020-Feb-02 22:13:11.507] [D] Sending notification: window/logMessage
[2020-Feb-02 22:13:11.544] [D] Sending notification: textDocument/publishDiagnostics
[2020-Feb-02 22:13:11.554] [I] Fetching diagnostics for G:\Mes documents\Projects\evael\evael\source\evael\utils\package.d
[2020-Feb-02 22:13:11.566] [D] Sending notification: window/logMessage
[2020-Feb-02 22:13:11.592] [D] Sending notification: textDocument/publishDiagnostics
[2020-Feb-02 22:13:11.601] [I] Fetching diagnostics for G:\Mes documents\Projects\evael\evael\source\evael\utils\rectangle.d
[2020-Feb-02 22:13:11.610] [D] Sending notification: window/logMessage
[2020-Feb-02 22:13:11.630] [D] Sending notification: textDocument/publishDiagnostics
[2020-Feb-02 22:13:11.639] [I] Fetching diagnostics for G:\Mes documents\Projects\evael\evael\source\evael\utils\singleton.d
[2020-Feb-02 22:13:11.649] [D] Sending notification: window/logMessage
[2020-Feb-02 22:13:11.663] [D] Sending notification: textDocument/publishDiagnostics
[2020-Feb-02 22:13:11.672] [I] Fetching diagnostics for G:\Mes documents\Projects\evael\evael\source\evael\utils\size.d
[2020-Feb-02 22:13:11.682] [D] Sending notification: window/logMessage
[2020-Feb-02 22:13:11.696] [D] Sending notification: textDocument/publishDiagnostics
[2020-Feb-02 22:13:11.706] [I] Fetching diagnostics for G:\Mes documents\Projects\evael\source\evael\renderer\gl\gl_device.d
[2020-Feb-02 22:13:11.715] [D] Sending notification: window/logMessage
[2020-Feb-02 22:13:11.764] [D] Sending notification: textDocument/publishDiagnostics
[2020-Feb-02 22:13:11.777] [D] Received response for request "7ca13315-47bd-4be0-9a19-19ec9fbb25c3"
[2020-Feb-02 22:13:11.788] [I] Updating workspace configurations
[2020-Feb-02 22:13:11.800] [D] Sending notification: window/logMessage
[2020-Feb-02 22:13:11.809] [I] Importing directories: []
[2020-Feb-02 22:13:11.819] [D] Sending notification: window/logMessage
[2020-Feb-02 22:13:11.829] [I] Importing directories: []
[2020-Feb-02 22:13:11.838] [D] Sending notification: window/logMessage
[2020-Feb-02 22:13:11.847] [D] Sending response with result for request 1
[2020-Feb-02 22:13:33.515] [D] Received request 3: textDocument/codeAction
[2020-Feb-02 22:13:33.552] [I] Fetching code actions for G:\Mes documents\Projects\evael\source\evael\renderer\gl\gl_device.d at range 0,0 to 0,0
[2020-Feb-02 22:13:33.566] [D] Sending notification: window/logMessage
[2020-Feb-02 22:13:33.577] [D] Sending response with result for request 3
[2020-Feb-02 22:13:33.679] [D] Received request 4: textDocument/codeAction
[2020-Feb-02 22:13:33.690] [I] Fetching code actions for G:\Mes documents\Projects\evael\source\evael\renderer\gl\gl_device.d at range 41,15 to 41,15
[2020-Feb-02 22:13:33.701] [D] Sending notification: window/logMessage
[2020-Feb-02 22:13:33.712] [D] Sending response with result for request 4
[2020-Feb-02 22:13:34.089] [D] Received notification: textDocument/didClose
[2020-Feb-02 22:13:34.098] [I] Document closed: G:\Mes documents\Projects\evael\source\evael\renderer\gl\gl_device.d
[2020-Feb-02 22:13:34.108] [D] Sending notification: window/logMessage
[2020-Feb-02 22:13:34.205] [D] Sending notification: textDocument/publishDiagnostics
