[2020-Feb-02 22:12:15.778] [I] Initializing server
[2020-Feb-02 22:12:15.798] [D] Sending notification: window/logMessage
[2020-Feb-02 22:12:17.428] [I] Importing directories: ["C:\\D\\dmd2\\src\\druntime\\import", "C:\\D\\dmd2\\src\\phobos"]
[2020-Feb-02 22:12:17.438] [D] Sending notification: window/logMessage
[2020-Feb-02 22:12:17.459] [I] Importing directories: []
[2020-Feb-02 22:12:17.468] [D] Sending notification: window/logMessage
[2020-Feb-02 22:12:17.476] [I] Importing dub project: G:\Mes documents\Projects\evael
[2020-Feb-02 22:12:17.484] [D] Sending notification: window/logMessage
[2020-Feb-02 22:12:17.950] [I] Importing directories: ["G:\\Mes documents\\Projects\\evael\\source"]
[2020-Feb-02 22:12:17.958] [D] Sending notification: window/logMessage
[2020-Feb-02 22:12:17.964] [I] Importing dub selections for project: G:\Mes documents\Projects\evael
[2020-Feb-02 22:12:17.971] [D] Sending notification: window/logMessage
[2020-Feb-02 22:12:18.341] [I] Importing directories: ["C:\\Users\\misug\\AppData\\Local\\dub\\packages\\derelict_extras-sndfile-3.1.0\\derelict_extras-sndfile\\source", "C:\\Users\\misug\\AppData\\Local\\dub\\packages\\derelict-util-3.0.0-beta.2\\derelict-util\\source", "C:\\Users\\misug\\AppData\\Local\\dub\\packages\\bindbc-opengl-0.8.0\\bindbc-opengl\\source", "C:\\Users\\misug\\AppData\\Local\\dub\\packages\\bindbc-loader-0.2.1\\bindbc-loader\\source", "C:\\Users\\misug\\AppData\\Local\\dub\\packages\\dlib-0.16.0\\dlib", "C:\\Users\\misug\\AppData\\Local\\dub\\packages\\bindbc-openal-0.2.0\\bindbc-openal\\source", "C:\\Users\\misug\\AppData\\Local\\dub\\packages\\msgpack-d-1.0.1\\msgpack-d\\src", "C:\\Users\\misug\\AppData\\Local\\dub\\packages\\bindbc-nuklear-0.1.4\\bindbc-nuklear\\source", "C:\\Users\\misug\\AppData\\Local\\dub\\packages\\bindbc-freeimage-0.1.1\\bindbc-freeimage\\source", "C:\\Users\\misug\\AppData\\Local\\dub\\packages\\dnogc-master\\dnogc\\source", "C:\\Users\\misug\\AppData\\Local\\dub\\packages\\bindbc-glfw-0.5.0\\bindbc-glfw\\source", "C:\\Users\\misug\\AppData\\Local\\dub\\packages\\derelict-nanovg-1.1.0\\derelict-nanovg\\source", "G:\\Mes documents\\Projects\\decs\\source", "C:\\Users\\misug\\AppData\\Local\\dub\\packages\\inifiled-1.3.1\\inifiled\\source"]
[2020-Feb-02 22:12:18.351] [D] Sending notification: window/logMessage
[2020-Feb-02 22:12:18.362] [I] Clearing import directories: []
[2020-Feb-02 22:12:18.370] [D] Sending notification: window/logMessage
[2020-Feb-02 22:12:18.378] [I] Updating config from file G:\Mes documents\Projects\evael\dscanner.ini
[2020-Feb-02 22:12:18.385] [D] Sending notification: window/logMessage
[2020-Feb-02 22:12:18.401] [D] Sending response with result for request 0
[2020-Feb-02 22:12:18.410] [D] Received notification: initialized
[2020-Feb-02 22:12:18.418] [I] Registering file watchers
[2020-Feb-02 22:12:18.426] [D] Sending notification: window/logMessage
[2020-Feb-02 22:12:18.436] [D] Sending request "2ad5caf3-368b-4c84-a8c5-f2a82465cc31": client/registerCapability
[2020-Feb-02 22:12:18.444] [D] Sending request "261db779-aa62-4047-9c5a-f1a8d6332636": workspace/configuration
[2020-Feb-02 22:12:18.537] [I] Fetching diagnostics for G:\Mes documents\Projects\evael\source\evael\audio\al.d
[2020-Feb-02 22:12:18.546] [D] Sending notification: window/logMessage
